<?xml version="1.0" encoding="UTF-8"?>
<!-- Generated by org.testng.reporters.JUnitReportReporter -->
<testsuite hostname="DESKTOP-8FSIDU4" failures="0" tests="1" name="TestCases.CreateOrganizationWithIndustry" time="19.617" errors="0" timestamp="2024-08-01T23:12:12 IST" skipped="0">
  <testcase classname="TestCases.CreateOrganizationWithIndustry" name="orgwithIndustry" time="19.617">
    <system-out>
      <![CDATA[orgwithIndustryis executed]]>
    </system-out>
  </testcase> <!-- orgwithIndustry -->
  <system-out>
    <![CDATA[orgwithIndustryis executed]]>
  </system-out>
</testsuite> <!-- TestCases.CreateOrganizationWithIndustry -->
