<?xml version="1.0" encoding="UTF-8"?>
<!-- Generated by org.testng.reporters.JUnitReportReporter -->
<testsuite hostname="DESKTOP-8FSIDU4" failures="0" tests="1" name="TestCases.CreateOrganization" time="31.678" errors="0" timestamp="2024-08-01T23:11:12 IST" skipped="0">
  <testcase classname="TestCases.CreateOrganization" name="createOrganization" time="31.678">
    <system-out>
      <![CDATA[createOrganizationis executed]]>
    </system-out>
  </testcase> <!-- createOrganization -->
  <system-out>
    <![CDATA[createOrganizationis executed]]>
  </system-out>
</testsuite> <!-- TestCases.CreateOrganization -->
