<?xml version="1.0" encoding="UTF-8"?>
<!-- Generated by org.testng.reporters.JUnitReportReporter -->
<testsuite hostname="DESKTOP-8FSIDU4" failures="0" tests="1" name="TestCases.CreateContactWithSupportStartandDate" time="27.772" errors="0" timestamp="2024-08-01T23:13:08 IST" skipped="0">
  <testcase classname="TestCases.CreateContactWithSupportStartandDate" name="conWithstartandendDate" time="27.772">
    <system-out>
      <![CDATA[conWithstartandendDateis executed]]>
    </system-out>
  </testcase> <!-- conWithstartandendDate -->
  <system-out>
    <![CDATA[conWithstartandendDateis executed]]>
  </system-out>
</testsuite> <!-- TestCases.CreateContactWithSupportStartandDate -->
