<?xml version="1.0" encoding="UTF-8"?>
<!-- Generated by org.testng.reporters.JUnitReportReporter -->
<testsuite hostname="DESKTOP-8FSIDU4" failures="0" tests="1" name="TestCases.CreateVendor" time="16.395" errors="0" timestamp="2024-08-01T23:25:58 IST" skipped="0">
  <testcase classname="TestCases.CreateVendor" name="createVendor" time="16.395"/>
</testsuite> <!-- TestCases.CreateVendor -->
