<?xml version="1.0" encoding="UTF-8"?>
<!-- Generated by org.testng.reporters.JUnitReportReporter -->
<testsuite hostname="DESKTOP-8FSIDU4" failures="0" tests="1" name="TestCases.CreateProductWithVendorName" time="16.637" errors="0" timestamp="2024-08-01T23:34:21 IST" skipped="0">
  <testcase classname="TestCases.CreateProductWithVendorName" name="createProduct" time="16.637">
    <system-out>
      <![CDATA[createProductis executed]]>
    </system-out>
  </testcase> <!-- createProduct -->
  <system-out>
    <![CDATA[createProductis executed]]>
  </system-out>
</testsuite> <!-- TestCases.CreateProductWithVendorName -->
